Build started 3/30/2017 2:12:03 PM.
     1>Project "F:\MachineVision_Projects\Project2_Group3\ImageMorphing\ImageMorphing\ImageMorphing\ImageMorphing.vcxproj" on node 2 (Build target(s)).
       Project file contains ToolsVersion="15.0". This toolset may be unknown or missing, in which case you may be able to resolve this by installing the appropriate version of MSBuild, or the build may have been forced to a particular ToolsVersion for policy reasons. Treating the project as if it had ToolsVersion="4.0". For more information, please see http://go.microsoft.com/fwlink/?LinkId=291333.
     1>ClCompile:
         C:\Program Files (x86)\Microsoft Visual Studio 11.0\VC\bin\CL.exe /c /ZI /nologo /W3 /WX- /sdl /Od /Oy- /D _MBCS /Gm /EHsc /RTC1 /MDd /GS /fp:precise /Zc:wchar_t /Zc:forScope /Fo"Debug\\" /Fd"Debug\vc110.pdb" /Gd /TP /analyze- /errorReport:prompt ImageMorphing.cpp
         ImageMorphing.cpp
     1>f:\machinevision_projects\project2_group3\imagemorphing\imagemorphing\imagemorphing\imagemorphing.cpp(1): fatal error C1083: Cannot open include file: 'opencv2/core/core.hpp': No such file or directory
     1>Done Building Project "F:\MachineVision_Projects\Project2_Group3\ImageMorphing\ImageMorphing\ImageMorphing\ImageMorphing.vcxproj" (Build target(s)) -- FAILED.

Build FAILED.

Time Elapsed 00:00:00.88
